<?xml version="1.0" encoding="UTF-8"?>
<coverage generated="1458124553">
  <project timestamp="1458124553">
    <package name="Alav\ComposerAssets\AssetPackages">
      <file name="/home/amaury/Documents/composer-assets/vendor/alavielle/composer-assets/src/ComposerAssets/AssetPackages/AbstractAssetPackages.php">
        <class name="AbstractAssetPackages" namespace="Alav\ComposerAssets\AssetPackages">
          <metrics methods="2" coveredmethods="2" conditionals="0" coveredconditionals="0" statements="6" coveredstatements="6" elements="8" coveredelements="8"/>
        </class>
        <line num="15" type="method" name="getAssets" crap="1" count="26"/>
        <line num="17" type="stmt" count="26"/>
        <line num="24" type="method" name="addAsset" crap="2" count="24"/>
        <line num="26" type="stmt" count="24"/>
        <line num="27" type="stmt" count="4"/>
        <line num="28" type="stmt" count="4"/>
        <line num="29" type="stmt" count="24"/>
        <line num="31" type="stmt" count="24"/>
        <metrics loc="32" ncloc="22" classes="1" methods="2" coveredmethods="2" conditionals="0" coveredconditionals="0" statements="6" coveredstatements="6" elements="8" coveredelements="8"/>
      </file>
      <file name="/home/amaury/Documents/composer-assets/vendor/alavielle/composer-assets/src/ComposerAssets/AssetPackages/AssetPackagesFactory.php">
        <class name="AssetPackagesFactory" namespace="Alav\ComposerAssets\AssetPackages">
          <metrics methods="1" coveredmethods="1" conditionals="0" coveredconditionals="0" statements="1" coveredstatements="1" elements="2" coveredelements="2"/>
        </class>
        <line num="20" type="method" name="createAssetPackages" crap="1" count="20"/>
        <line num="22" type="stmt" count="20"/>
        <metrics loc="24" ncloc="16" classes="1" methods="1" coveredmethods="1" conditionals="0" coveredconditionals="0" statements="1" coveredstatements="1" elements="2" coveredelements="2"/>
      </file>
      <file name="/home/amaury/Documents/composer-assets/vendor/alavielle/composer-assets/src/ComposerAssets/AssetPackages/BowerAssetPackages.php">
        <class name="BowerAssetPackages" namespace="Alav\ComposerAssets\AssetPackages">
          <metrics methods="0" coveredmethods="0" conditionals="0" coveredconditionals="0" statements="0" coveredstatements="0" elements="0" coveredelements="0"/>
        </class>
        <metrics loc="11" ncloc="8" classes="1" methods="0" coveredmethods="0" conditionals="0" coveredconditionals="0" statements="0" coveredstatements="0" elements="0" coveredelements="0"/>
      </file>
      <file name="/home/amaury/Documents/composer-assets/vendor/alavielle/composer-assets/src/ComposerAssets/AssetPackages/NpmAssetPackages.php">
        <class name="NpmAssetPackages" namespace="Alav\ComposerAssets\AssetPackages">
          <metrics methods="0" coveredmethods="0" conditionals="0" coveredconditionals="0" statements="0" coveredstatements="0" elements="0" coveredelements="0"/>
        </class>
        <metrics loc="11" ncloc="8" classes="1" methods="0" coveredmethods="0" conditionals="0" coveredconditionals="0" statements="0" coveredstatements="0" elements="0" coveredelements="0"/>
      </file>
    </package>
    <file name="/home/amaury/Documents/composer-assets/vendor/alavielle/composer-assets/src/ComposerAssets/AssetPackages/AssetPackagesInterface.php">
      <metrics loc="23" ncloc="13" classes="0" methods="0" coveredmethods="0" conditionals="0" coveredconditionals="0" statements="0" coveredstatements="0" elements="0" coveredelements="0"/>
    </file>
    <package name="Alav\ComposerAssets">
      <file name="/home/amaury/Documents/composer-assets/vendor/alavielle/composer-assets/src/ComposerAssets/ComposerAssetsPlugin.php">
        <class name="ComposerAssetsPlugin" namespace="Alav\ComposerAssets">
          <metrics methods="4" coveredmethods="1" conditionals="0" coveredconditionals="0" statements="18" coveredstatements="7" elements="22" coveredelements="8"/>
        </class>
        <line num="30" type="method" name="activate" crap="2" count="0"/>
        <line num="32" type="stmt" count="0"/>
        <line num="33" type="stmt" count="0"/>
        <line num="34" type="stmt" count="0"/>
        <line num="39" type="method" name="getSubscribedEvents" crap="1" count="1"/>
        <line num="42" type="stmt" count="1"/>
        <line num="43" type="stmt" count="1"/>
        <line num="44" type="stmt" count="1"/>
        <line num="45" type="stmt" count="1"/>
        <line num="46" type="stmt" count="1"/>
        <line num="47" type="stmt" count="1"/>
        <line num="48" type="stmt" count="1"/>
        <line num="54" type="method" name="onPostInstall" crap="2" count="0"/>
        <line num="56" type="stmt" count="0"/>
        <line num="57" type="stmt" count="0"/>
        <line num="58" type="stmt" count="0"/>
        <line num="59" type="stmt" count="0"/>
        <line num="60" type="stmt" count="0"/>
        <line num="65" type="method" name="onPostUpdate" crap="2" count="0"/>
        <line num="67" type="stmt" count="0"/>
        <line num="68" type="stmt" count="0"/>
        <line num="69" type="stmt" count="0"/>
        <metrics loc="70" ncloc="51" classes="1" methods="4" coveredmethods="1" conditionals="0" coveredconditionals="0" statements="18" coveredstatements="7" elements="22" coveredelements="8"/>
      </file>
    </package>
    <package name="Alav\ComposerAssets\Loader">
      <file name="/home/amaury/Documents/composer-assets/vendor/alavielle/composer-assets/src/ComposerAssets/Loader/PackageLoader.php">
        <class name="PackageLoader" namespace="Alav\ComposerAssets\Loader">
          <metrics methods="4" coveredmethods="3" conditionals="0" coveredconditionals="0" statements="22" coveredstatements="20" elements="26" coveredelements="23"/>
        </class>
        <line num="25" type="method" name="__construct" crap="1" count="18"/>
        <line num="27" type="stmt" count="18"/>
        <line num="28" type="stmt" count="18"/>
        <line num="29" type="stmt" count="18"/>
        <line num="37" type="method" name="extractAssets" crap="2" count="18"/>
        <line num="39" type="stmt" count="18"/>
        <line num="40" type="stmt" count="18"/>
        <line num="41" type="stmt" count="18"/>
        <line num="42" type="stmt" count="18"/>
        <line num="43" type="stmt" count="18"/>
        <line num="45" type="stmt" count="18"/>
        <line num="54" type="method" name="extractAssetsPackage" crap="2.15" count="18"/>
        <line num="56" type="stmt" count="18"/>
        <line num="57" type="stmt" count="18"/>
        <line num="58" type="stmt" count="18"/>
        <line num="59" type="stmt" count="0"/>
        <line num="60" type="stmt" count="0"/>
        <line num="61" type="stmt" count="18"/>
        <line num="68" type="method" name="addAssetRequire" crap="3" count="18"/>
        <line num="69" type="stmt" count="18"/>
        <line num="70" type="stmt" count="16"/>
        <line num="71" type="stmt" count="16"/>
        <line num="72" type="stmt" count="16"/>
        <line num="73" type="stmt" count="16"/>
        <line num="74" type="stmt" count="16"/>
        <line num="75" type="stmt" count="18"/>
        <metrics loc="76" ncloc="52" classes="1" methods="4" coveredmethods="3" conditionals="0" coveredconditionals="0" statements="22" coveredstatements="20" elements="26" coveredelements="23"/>
      </file>
    </package>
    <file name="/home/amaury/Documents/composer-assets/vendor/alavielle/composer-assets/vendor/phake/phake/src/Phake.php">
      <class name="Phake" namespace="global">
        <metrics methods="42" coveredmethods="4" conditionals="0" coveredconditionals="0" statements="151" coveredstatements="25" elements="193" coveredelements="29"/>
      </class>
      <line num="85" type="method" name="mock" crap="2.01" count="18"/>
      <line num="87" type="stmt" count="18"/>
      <line num="88" type="stmt" count="18"/>
      <line num="89" type="stmt" count="18"/>
      <line num="90" type="stmt" count="0"/>
      <line num="93" type="stmt" count="18"/>
      <line num="94" type="stmt" count="18"/>
      <line num="95" type="stmt" count="18"/>
      <line num="96" type="stmt" count="18"/>
      <line num="98" type="stmt" count="18"/>
      <line num="110" type="method" name="partialMock" crap="2" count="0"/>
      <line num="112" type="stmt" count="0"/>
      <line num="113" type="stmt" count="0"/>
      <line num="115" type="stmt" count="0"/>
      <line num="116" type="stmt" count="0"/>
      <line num="117" type="stmt" count="0"/>
      <line num="118" type="stmt" count="0"/>
      <line num="119" type="stmt" count="0"/>
      <line num="121" type="stmt" count="0"/>
      <line num="147" type="method" name="verify" crap="6" count="0"/>
      <line num="149" type="stmt" count="0"/>
      <line num="150" type="stmt" count="0"/>
      <line num="151" type="stmt" count="0"/>
      <line num="154" type="stmt" count="0"/>
      <line num="155" type="stmt" count="0"/>
      <line num="157" type="stmt" count="0"/>
      <line num="168" type="method" name="verifyStatic" crap="6" count="0"/>
      <line num="170" type="stmt" count="0"/>
      <line num="171" type="stmt" count="0"/>
      <line num="172" type="stmt" count="0"/>
      <line num="175" type="stmt" count="0"/>
      <line num="176" type="stmt" count="0"/>
      <line num="178" type="stmt" count="0"/>
      <line num="189" type="method" name="verifyCallMethodWith" crap="2" count="0"/>
      <line num="191" type="stmt" count="0"/>
      <line num="192" type="stmt" count="0"/>
      <line num="193" type="stmt" count="0"/>
      <line num="195" type="stmt" count="0"/>
      <line num="205" type="method" name="verifyStaticCallMethodWith" crap="2" count="0"/>
      <line num="207" type="stmt" count="0"/>
      <line num="208" type="stmt" count="0"/>
      <line num="209" type="stmt" count="0"/>
      <line num="211" type="stmt" count="0"/>
      <line num="217" type="method" name="inOrder" crap="6" count="0"/>
      <line num="219" type="stmt" count="0"/>
      <line num="220" type="stmt" count="0"/>
      <line num="222" type="stmt" count="0"/>
      <line num="223" type="stmt" count="0"/>
      <line num="224" type="stmt" count="0"/>
      <line num="225" type="stmt" count="0"/>
      <line num="226" type="stmt" count="0"/>
      <line num="233" type="method" name="verifyNoFurtherInteraction" crap="6" count="0"/>
      <line num="235" type="stmt" count="0"/>
      <line num="237" type="stmt" count="0"/>
      <line num="238" type="stmt" count="0"/>
      <line num="239" type="stmt" count="0"/>
      <line num="240" type="stmt" count="0"/>
      <line num="241" type="stmt" count="0"/>
      <line num="248" type="method" name="verifyNoInteraction" crap="6" count="0"/>
      <line num="250" type="stmt" count="0"/>
      <line num="251" type="stmt" count="0"/>
      <line num="252" type="stmt" count="0"/>
      <line num="253" type="stmt" count="0"/>
      <line num="255" type="stmt" count="0"/>
      <line num="256" type="stmt" count="0"/>
      <line num="257" type="stmt" count="0"/>
      <line num="258" type="stmt" count="0"/>
      <line num="259" type="stmt" count="0"/>
      <line num="267" type="method" name="verifyNoOtherInteractions" crap="2" count="0"/>
      <line num="269" type="stmt" count="0"/>
      <line num="270" type="stmt" count="0"/>
      <line num="271" type="stmt" count="0"/>
      <line num="273" type="stmt" count="0"/>
      <line num="274" type="stmt" count="0"/>
      <line num="275" type="stmt" count="0"/>
      <line num="276" type="stmt" count="0"/>
      <line num="285" type="method" name="pullPositionsFromCallInfos" crap="12" count="0"/>
      <line num="287" type="stmt" count="0"/>
      <line num="288" type="stmt" count="0"/>
      <line num="289" type="stmt" count="0"/>
      <line num="290" type="stmt" count="0"/>
      <line num="291" type="stmt" count="0"/>
      <line num="292" type="stmt" count="0"/>
      <line num="293" type="stmt" count="0"/>
      <line num="294" type="stmt" count="0"/>
      <line num="295" type="stmt" count="0"/>
      <line num="305" type="method" name="when" crap="1" count="18"/>
      <line num="307" type="stmt" count="18"/>
      <line num="317" type="method" name="whenStatic" crap="2" count="0"/>
      <line num="319" type="stmt" count="0"/>
      <line num="329" type="method" name="whenCallMethodWith" crap="2" count="0"/>
      <line num="331" type="stmt" count="0"/>
      <line num="332" type="stmt" count="0"/>
      <line num="333" type="stmt" count="0"/>
      <line num="343" type="method" name="whenStaticCallMethodWith" crap="2" count="0"/>
      <line num="345" type="stmt" count="0"/>
      <line num="346" type="stmt" count="0"/>
      <line num="347" type="stmt" count="0"/>
      <line num="355" type="method" name="reset" crap="2" count="0"/>
      <line num="357" type="stmt" count="0"/>
      <line num="358" type="stmt" count="0"/>
      <line num="365" type="method" name="resetStatic" crap="2" count="0"/>
      <line num="367" type="stmt" count="0"/>
      <line num="368" type="stmt" count="0"/>
      <line num="373" type="method" name="resetStaticInfo" crap="2" count="0"/>
      <line num="375" type="stmt" count="0"/>
      <line num="376" type="stmt" count="0"/>
      <line num="382" type="method" name="ifUnstubbed" crap="2" count="0"/>
      <line num="384" type="stmt" count="0"/>
      <line num="385" type="stmt" count="0"/>
      <line num="391" type="method" name="setPhake" crap="1" count="1"/>
      <line num="393" type="stmt" count="1"/>
      <line num="394" type="stmt" count="1"/>
      <line num="400" type="method" name="getPhake" crap="2" count="18"/>
      <line num="402" type="stmt" count="18"/>
      <line num="403" type="stmt" count="1"/>
      <line num="404" type="stmt" count="1"/>
      <line num="406" type="stmt" count="18"/>
      <line num="412" type="method" name="createPhake" crap="1" count="1"/>
      <line num="414" type="stmt" count="1"/>
      <line num="424" type="method" name="equalTo" crap="2" count="0"/>
      <line num="426" type="stmt" count="0"/>
      <line num="436" type="method" name="capture" crap="2" count="0"/>
      <line num="438" type="stmt" count="0"/>
      <line num="451" type="method" name="captureAll" crap="2" count="0"/>
      <line num="453" type="stmt" count="0"/>
      <line num="454" type="stmt" count="0"/>
      <line num="455" type="stmt" count="0"/>
      <line num="456" type="stmt" count="0"/>
      <line num="468" type="method" name="setReference" crap="2" count="0"/>
      <line num="470" type="stmt" count="0"/>
      <line num="480" type="method" name="times" crap="2" count="0"/>
      <line num="482" type="stmt" count="0"/>
      <line num="489" type="method" name="never" crap="2" count="0"/>
      <line num="491" type="stmt" count="0"/>
      <line num="501" type="method" name="atLeast" crap="2" count="0"/>
      <line num="503" type="stmt" count="0"/>
      <line num="513" type="method" name="atMost" crap="2" count="0"/>
      <line num="515" type="stmt" count="0"/>
      <line num="523" type="method" name="anyParameters" crap="2" count="0"/>
      <line num="525" type="stmt" count="0"/>
      <line num="533" type="method" name="ignoreRemaining" crap="2" count="0"/>
      <line num="535" type="stmt" count="0"/>
      <line num="543" type="method" name="getClient" crap="12" count="0"/>
      <line num="545" type="stmt" count="0"/>
      <line num="546" type="stmt" count="0"/>
      <line num="547" type="stmt" count="0"/>
      <line num="549" type="stmt" count="0"/>
      <line num="551" type="stmt" count="0"/>
      <line num="562" type="method" name="setClient" crap="12" count="0"/>
      <line num="564" type="stmt" count="0"/>
      <line num="565" type="stmt" count="0"/>
      <line num="566" type="stmt" count="0"/>
      <line num="567" type="stmt" count="0"/>
      <line num="568" type="stmt" count="0"/>
      <line num="569" type="stmt" count="0"/>
      <line num="571" type="stmt" count="0"/>
      <line num="573" type="method" name="getMockLoader" crap="2.15" count="18"/>
      <line num="575" type="stmt" count="18"/>
      <line num="576" type="stmt" count="0"/>
      <line num="578" type="stmt" count="18"/>
      <line num="582" type="method" name="setMockLoader" crap="2" count="0"/>
      <line num="584" type="stmt" count="0"/>
      <line num="585" type="stmt" count="0"/>
      <line num="587" type="method" name="initAnnotations" crap="2" count="0"/>
      <line num="589" type="stmt" count="0"/>
      <line num="590" type="stmt" count="0"/>
      <line num="591" type="stmt" count="0"/>
      <line num="600" type="method" name="assertValidMock" crap="19.85" count="18"/>
      <line num="602" type="stmt" count="18"/>
      <line num="603" type="stmt" count="18"/>
      <line num="604" type="stmt" count="18"/>
      <line num="607" type="stmt" count="0"/>
      <line num="608" type="stmt" count="0"/>
      <line num="609" type="stmt" count="0"/>
      <line num="610" type="stmt" count="0"/>
      <line num="611" type="stmt" count="0"/>
      <line num="612" type="stmt" count="0"/>
      <line num="614" type="stmt" count="0"/>
      <line num="616" type="stmt" count="0"/>
      <line num="627" type="method" name="getName" crap="2" count="0"/>
      <line num="629" type="stmt" count="0"/>
      <line num="630" type="stmt" count="0"/>
      <line num="641" type="method" name="getInfo" crap="3.07" count="18"/>
      <line num="643" type="stmt" count="18"/>
      <line num="644" type="stmt" count="18"/>
      <line num="645" type="stmt" count="18"/>
      <line num="646" type="stmt" count="18"/>
      <line num="650" type="stmt" count="0"/>
      <line num="660" type="method" name="makeVisible" crap="2" count="0"/>
      <line num="662" type="stmt" count="0"/>
      <line num="671" type="method" name="makeStaticsVisible" crap="2" count="0"/>
      <line num="673" type="stmt" count="0"/>
      <metrics loc="675" ncloc="360" classes="1" methods="42" coveredmethods="4" conditionals="0" coveredconditionals="0" statements="151" coveredstatements="25" elements="193" coveredelements="29"/>
    </file>
    <file name="/home/amaury/Documents/composer-assets/vendor/alavielle/composer-assets/vendor/phake/phake/src/Phake/CallRecorder/Call.php">
      <class name="Phake_CallRecorder_Call" namespace="global" fullPackage="Phake.CallRecorder">
        <metrics methods="5" coveredmethods="1" conditionals="0" coveredconditionals="0" statements="15" coveredstatements="4" elements="20" coveredelements="5"/>
      </class>
      <line num="72" type="method" name="__construct" crap="1" count="18"/>
      <line num="74" type="stmt" count="18"/>
      <line num="75" type="stmt" count="18"/>
      <line num="76" type="stmt" count="18"/>
      <line num="77" type="stmt" count="18"/>
      <line num="82" type="method" name="getObject" crap="2" count="0"/>
      <line num="84" type="stmt" count="0"/>
      <line num="90" type="method" name="getMethod" crap="2" count="0"/>
      <line num="92" type="stmt" count="0"/>
      <line num="98" type="method" name="getArguments" crap="2" count="0"/>
      <line num="100" type="stmt" count="0"/>
      <line num="106" type="method" name="__toString" crap="12" count="0"/>
      <line num="108" type="stmt" count="0"/>
      <line num="109" type="stmt" count="0"/>
      <line num="110" type="stmt" count="0"/>
      <line num="111" type="stmt" count="0"/>
      <line num="112" type="stmt" count="0"/>
      <line num="114" type="stmt" count="0"/>
      <line num="115" type="stmt" count="0"/>
      <line num="116" type="stmt" count="0"/>
      <metrics loc="118" ncloc="45" classes="1" methods="5" coveredmethods="1" conditionals="0" coveredconditionals="0" statements="15" coveredstatements="4" elements="20" coveredelements="5"/>
    </file>
    <file name="/home/amaury/Documents/composer-assets/vendor/alavielle/composer-assets/vendor/phake/phake/src/Phake/CallRecorder/Position.php">
      <class name="Phake_CallRecorder_Position" namespace="global" fullPackage="Phake.CallRecorder">
        <metrics methods="2" coveredmethods="1" conditionals="0" coveredconditionals="0" statements="3" coveredstatements="2" elements="5" coveredelements="3"/>
      </class>
      <line num="58" type="method" name="__construct" crap="1" count="18"/>
      <line num="60" type="stmt" count="18"/>
      <line num="61" type="stmt" count="18"/>
      <line num="70" type="method" name="thisIsAfter" crap="2" count="0"/>
      <line num="72" type="stmt" count="0"/>
      <metrics loc="74" ncloc="16" classes="1" methods="2" coveredmethods="1" conditionals="0" coveredconditionals="0" statements="3" coveredstatements="2" elements="5" coveredelements="3"/>
    </file>
    <file name="/home/amaury/Documents/composer-assets/vendor/alavielle/composer-assets/vendor/phake/phake/src/Phake/CallRecorder/Recorder.php">
      <class name="Phake_CallRecorder_Recorder" namespace="global" fullPackage="Phake.CallRecorder">
        <metrics methods="6" coveredmethods="1" conditionals="0" coveredconditionals="0" statements="14" coveredstatements="4" elements="20" coveredelements="5"/>
      </class>
      <line num="81" type="method" name="recordCall" crap="1" count="18"/>
      <line num="83" type="stmt" count="18"/>
      <line num="84" type="stmt" count="18"/>
      <line num="85" type="stmt" count="18"/>
      <line num="86" type="stmt" count="18"/>
      <line num="92" type="method" name="getAllCalls" crap="2" count="0"/>
      <line num="94" type="stmt" count="0"/>
      <line num="102" type="method" name="removeAllCalls" crap="2" count="0"/>
      <line num="104" type="stmt" count="0"/>
      <line num="105" type="stmt" count="0"/>
      <line num="106" type="stmt" count="0"/>
      <line num="115" type="method" name="getCallInfo" crap="6" count="0"/>
      <line num="117" type="stmt" count="0"/>
      <line num="118" type="stmt" count="0"/>
      <line num="120" type="stmt" count="0"/>
      <line num="129" type="method" name="markCallVerified" crap="2" count="0"/>
      <line num="131" type="stmt" count="0"/>
      <line num="132" type="stmt" count="0"/>
      <line num="139" type="method" name="getUnverifiedCalls" crap="2" count="0"/>
      <line num="141" type="stmt" count="0"/>
      <metrics loc="143" ncloc="49" classes="1" methods="6" coveredmethods="1" conditionals="0" coveredconditionals="0" statements="14" coveredstatements="4" elements="20" coveredelements="5"/>
    </file>
    <file name="/home/amaury/Documents/composer-assets/vendor/alavielle/composer-assets/vendor/phake/phake/src/Phake/ClassGenerator/EvalLoader.php">
      <class name="Phake_ClassGenerator_EvalLoader" namespace="global" fullPackage="Phake.ClassGenerator">
        <metrics methods="1" coveredmethods="1" conditionals="0" coveredconditionals="0" statements="2" coveredstatements="2" elements="3" coveredelements="3"/>
      </class>
      <line num="56" type="method" name="loadClassByString" crap="1" count="1"/>
      <line num="58" type="stmt" count="1"/>
      <line num="59" type="stmt" count="1"/>
      <metrics loc="60" ncloc="9" classes="1" methods="1" coveredmethods="1" conditionals="0" coveredconditionals="0" statements="2" coveredstatements="2" elements="3" coveredelements="3"/>
    </file>
    <file name="/home/amaury/Documents/composer-assets/vendor/alavielle/composer-assets/vendor/phake/phake/src/Phake/ClassGenerator/ILoader.php">
      <metrics loc="57" ncloc="6" classes="0" methods="0" coveredmethods="0" conditionals="0" coveredconditionals="0" statements="0" coveredstatements="0" elements="0" coveredelements="0"/>
    </file>
    <file name="/home/amaury/Documents/composer-assets/vendor/alavielle/composer-assets/vendor/phake/phake/src/Phake/ClassGenerator/InvocationHandler/CallRecorder.php">
      <class name="Phake_ClassGenerator_InvocationHandler_CallRecorder" namespace="global" fullPackage="Phake.ClassGenerator.InvocationHandler">
        <metrics methods="2" coveredmethods="2" conditionals="0" coveredconditionals="0" statements="6" coveredstatements="6" elements="8" coveredelements="8"/>
      </class>
      <line num="59" type="method" name="__construct" crap="1" count="18"/>
      <line num="61" type="stmt" count="18"/>
      <line num="62" type="stmt" count="18"/>
      <line num="64" type="method" name="invoke" crap="1" count="18"/>
      <line num="66" type="stmt" count="18"/>
      <line num="67" type="stmt" count="18"/>
      <line num="68" type="stmt" count="18"/>
      <line num="69" type="stmt" count="18"/>
      <metrics loc="71" ncloc="20" classes="1" methods="2" coveredmethods="2" conditionals="0" coveredconditionals="0" statements="6" coveredstatements="6" elements="8" coveredelements="8"/>
    </file>
    <file name="/home/amaury/Documents/composer-assets/vendor/alavielle/composer-assets/vendor/phake/phake/src/Phake/ClassGenerator/InvocationHandler/Composite.php">
      <class name="Phake_ClassGenerator_InvocationHandler_Composite" namespace="global" fullPackage="Phake.ClassGenerator.InvocationHandler">
        <metrics methods="2" coveredmethods="2" conditionals="0" coveredconditionals="0" statements="6" coveredstatements="6" elements="8" coveredelements="8"/>
      </class>
      <line num="59" type="method" name="__construct" crap="1" count="18"/>
      <line num="61" type="stmt" count="18"/>
      <line num="62" type="stmt" count="18"/>
      <line num="64" type="method" name="invoke" crap="2" count="18"/>
      <line num="66" type="stmt" count="18"/>
      <line num="67" type="stmt" count="18"/>
      <line num="68" type="stmt" count="18"/>
      <line num="70" type="stmt" count="18"/>
      <metrics loc="73" ncloc="22" classes="1" methods="2" coveredmethods="2" conditionals="0" coveredconditionals="0" statements="6" coveredstatements="6" elements="8" coveredelements="8"/>
    </file>
    <file name="/home/amaury/Documents/composer-assets/vendor/alavielle/composer-assets/vendor/phake/phake/src/Phake/ClassGenerator/InvocationHandler/FrozenObjectCheck.php">
      <class name="Phake_ClassGenerator_InvocationHandler_FrozenObjectCheck" namespace="global" fullPackage="Phake.ClassGenerator.InvocationHandler">
        <metrics methods="2" coveredmethods="1" conditionals="0" coveredconditionals="0" statements="7" coveredstatements="4" elements="9" coveredelements="5"/>
      </class>
      <line num="59" type="method" name="__construct" crap="1" count="18"/>
      <line num="61" type="stmt" count="18"/>
      <line num="62" type="stmt" count="18"/>
      <line num="64" type="method" name="invoke" crap="2.86" count="18"/>
      <line num="66" type="stmt" count="18"/>
      <line num="67" type="stmt" count="0"/>
      <line num="68" type="stmt" count="0"/>
      <line num="69" type="stmt" count="0"/>
      <line num="70" type="stmt" count="18"/>
      <metrics loc="72" ncloc="21" classes="1" methods="2" coveredmethods="1" conditionals="0" coveredconditionals="0" statements="7" coveredstatements="4" elements="9" coveredelements="5"/>
    </file>
    <file name="/home/amaury/Documents/composer-assets/vendor/alavielle/composer-assets/vendor/phake/phake/src/Phake/ClassGenerator/InvocationHandler/IInvocationHandler.php">
      <metrics loc="61" ncloc="7" classes="0" methods="0" coveredmethods="0" conditionals="0" coveredconditionals="0" statements="0" coveredstatements="0" elements="0" coveredelements="0"/>
    </file>
    <file name="/home/amaury/Documents/composer-assets/vendor/alavielle/composer-assets/vendor/phake/phake/src/Phake/ClassGenerator/InvocationHandler/MagicCallRecorder.php">
      <class name="Phake_ClassGenerator_InvocationHandler_MagicCallRecorder" namespace="global" fullPackage="Phake.ClassGenerator.InvocationHandler">
        <metrics methods="2" coveredmethods="1" conditionals="0" coveredconditionals="0" statements="8" coveredstatements="4" elements="10" coveredelements="5"/>
      </class>
      <line num="61" type="method" name="__construct" crap="1" count="18"/>
      <line num="63" type="stmt" count="18"/>
      <line num="64" type="stmt" count="18"/>
      <line num="66" type="method" name="invoke" crap="5.67" count="18"/>
      <line num="68" type="stmt" count="18"/>
      <line num="69" type="stmt" count="0"/>
      <line num="70" type="stmt" count="0"/>
      <line num="71" type="stmt" count="0"/>
      <line num="72" type="stmt" count="0"/>
      <line num="73" type="stmt" count="18"/>
      <metrics loc="75" ncloc="22" classes="1" methods="2" coveredmethods="1" conditionals="0" coveredconditionals="0" statements="8" coveredstatements="4" elements="10" coveredelements="5"/>
    </file>
    <file name="/home/amaury/Documents/composer-assets/vendor/alavielle/composer-assets/vendor/phake/phake/src/Phake/ClassGenerator/InvocationHandler/StubCaller.php">
      <class name="Phake_ClassGenerator_InvocationHandler_StubCaller" namespace="global" fullPackage="Phake.ClassGenerator.InvocationHandler">
        <metrics methods="2" coveredmethods="1" conditionals="0" coveredconditionals="0" statements="15" coveredstatements="11" elements="17" coveredelements="12"/>
      </class>
      <line num="65" type="method" name="__construct" crap="1" count="18"/>
      <line num="67" type="stmt" count="18"/>
      <line num="68" type="stmt" count="18"/>
      <line num="69" type="stmt" count="18"/>
      <line num="71" type="method" name="invoke" crap="5.93" count="18"/>
      <line num="73" type="stmt" count="18"/>
      <line num="75" type="stmt" count="18"/>
      <line num="76" type="stmt" count="0"/>
      <line num="77" type="stmt" count="0"/>
      <line num="79" type="stmt" count="18"/>
      <line num="80" type="stmt" count="18"/>
      <line num="81" type="stmt" count="18"/>
      <line num="83" type="stmt" count="18"/>
      <line num="84" type="stmt" count="0"/>
      <line num="85" type="stmt" count="0"/>
      <line num="86" type="stmt" count="18"/>
      <line num="89" type="stmt" count="18"/>
      <metrics loc="92" ncloc="37" classes="1" methods="2" coveredmethods="1" conditionals="0" coveredconditionals="0" statements="15" coveredstatements="11" elements="17" coveredelements="12"/>
    </file>
    <file name="/home/amaury/Documents/composer-assets/vendor/alavielle/composer-assets/vendor/phake/phake/src/Phake/ClassGenerator/MockClass.php">
      <class name="Phake_ClassGenerator_MockClass" namespace="global" fullPackage="Phake.ClassGenerator">
        <metrics methods="14" coveredmethods="2" conditionals="0" coveredconditionals="0" statements="199" coveredstatements="132" elements="213" coveredelements="134"/>
      </class>
      <line num="125" type="method" name="__construct" crap="2.26" count="18"/>
      <line num="127" type="stmt" count="18"/>
      <line num="128" type="stmt" count="0"/>
      <line num="129" type="stmt" count="0"/>
      <line num="131" type="stmt" count="18"/>
      <line num="132" type="stmt" count="18"/>
      <line num="143" type="method" name="generate" crap="21.65" count="1"/>
      <line num="145" type="stmt" count="1"/>
      <line num="146" type="stmt" count="1"/>
      <line num="147" type="stmt" count="1"/>
      <line num="148" type="stmt" count="1"/>
      <line num="149" type="stmt" count="1"/>
      <line num="151" type="stmt" count="1"/>
      <line num="152" type="stmt" count="1"/>
      <line num="154" type="stmt" count="1"/>
      <line num="156" type="stmt" count="1"/>
      <line num="157" type="stmt" count="1"/>
      <line num="159" type="stmt" count="1"/>
      <line num="160" type="stmt" count="0"/>
      <line num="161" type="stmt" count="0"/>
      <line num="162" type="stmt" count="0"/>
      <line num="164" type="stmt" count="0"/>
      <line num="165" type="stmt" count="0"/>
      <line num="166" type="stmt" count="1"/>
      <line num="167" type="stmt" count="1"/>
      <line num="168" type="stmt" count="0"/>
      <line num="169" type="stmt" count="1"/>
      <line num="170" type="stmt" count="0"/>
      <line num="171" type="stmt" count="0"/>
      <line num="172" type="stmt" count="0"/>
      <line num="173" type="stmt" count="0"/>
      <line num="174" type="stmt" count="0"/>
      <line num="177" type="stmt" count="1"/>
      <line num="180" type="stmt" count="1"/>
      <line num="182" type="stmt" count="1"/>
      <line num="184" type="stmt" count="1"/>
      <line num="185" type="stmt" count="1"/>
      <line num="186" type="stmt" count="0"/>
      <line num="187" type="stmt" count="0"/>
      <line num="190" type="stmt" count="1"/>
      <line num="191" type="stmt" count="0"/>
      <line num="192" type="stmt" count="0"/>
      <line num="193" type="stmt" count="1"/>
      <line num="194" type="stmt" count="1"/>
      <line num="195" type="stmt" count="1"/>
      <line num="196" type="stmt" count="1"/>
      <line num="198" type="stmt" count="1"/>
      <line num="199" type="stmt" count="1"/>
      <line num="200" type="stmt" count="1"/>
      <line num="201" type="stmt" count="1"/>
      <line num="204" type="stmt" count="0"/>
      <line num="208" type="stmt" count="1"/>
      <line num="209" type="stmt" count="1"/>
      <line num="215" type="stmt" count="1"/>
      <line num="219" type="stmt" count="1"/>
      <line num="226" type="stmt" count="1"/>
      <line num="228" type="stmt" count="1"/>
      <line num="230" type="stmt" count="1"/>
      <line num="232" type="stmt" count="1"/>
      <line num="233" type="stmt" count="1"/>
      <line num="234" type="stmt" count="1"/>
      <line num="235" type="stmt" count="1"/>
      <line num="248" type="method" name="instantiate" crap="3.21" count="18"/>
      <line num="256" type="stmt" count="18"/>
      <line num="257" type="stmt" count="18"/>
      <line num="258" type="stmt" count="18"/>
      <line num="260" type="stmt" count="18"/>
      <line num="261" type="stmt" count="0"/>
      <line num="262" type="stmt" count="0"/>
      <line num="264" type="stmt" count="18"/>
      <line num="273" type="method" name="instanciateMockObject" crap="19.63" count="18"/>
      <line num="275" type="stmt" count="18"/>
      <line num="276" type="stmt" count="18"/>
      <line num="278" type="stmt" count="18"/>
      <line num="279" type="stmt" count="18"/>
      <line num="282" type="stmt" count="0"/>
      <line num="284" type="stmt" count="0"/>
      <line num="285" type="stmt" count="0"/>
      <line num="288" type="stmt" count="0"/>
      <line num="290" type="stmt" count="0"/>
      <line num="292" type="stmt" count="0"/>
      <line num="296" type="stmt" count="0"/>
      <line num="307" type="method" name="generateMockedMethods" crap="8.01" count="1"/>
      <line num="309" type="stmt" count="1"/>
      <line num="310" type="stmt" count="1"/>
      <line num="312" type="stmt" count="1"/>
      <line num="313" type="stmt" count="1"/>
      <line num="314" type="stmt" count="1"/>
      <line num="315" type="stmt" count="1"/>
      <line num="316" type="stmt" count="1"/>
      <line num="317" type="stmt" count="1"/>
      <line num="318" type="stmt" count="1"/>
      <line num="319" type="stmt" count="1"/>
      <line num="320" type="stmt" count="1"/>
      <line num="321" type="stmt" count="1"/>
      <line num="322" type="stmt" count="1"/>
      <line num="323" type="stmt" count="1"/>
      <line num="325" type="stmt" count="1"/>
      <line num="326" type="stmt" count="0"/>
      <line num="327" type="stmt" count="1"/>
      <line num="329" type="stmt" count="1"/>
      <line num="333" type="method" name="isConstructorDefinedInInterface" crap="40.16" count="1"/>
      <line num="335" type="stmt" count="1"/>
      <line num="337" type="stmt" count="1"/>
      <line num="338" type="stmt" count="1"/>
      <line num="339" type="stmt" count="0"/>
      <line num="340" type="stmt" count="0"/>
      <line num="342" type="stmt" count="1"/>
      <line num="343" type="stmt" count="1"/>
      <line num="344" type="stmt" count="1"/>
      <line num="347" type="stmt" count="0"/>
      <line num="349" type="stmt" count="0"/>
      <line num="350" type="stmt" count="0"/>
      <line num="351" type="stmt" count="0"/>
      <line num="355" type="stmt" count="0"/>
      <line num="357" type="stmt" count="0"/>
      <line num="358" type="stmt" count="0"/>
      <line num="359" type="stmt" count="0"/>
      <line num="361" type="stmt" count="0"/>
      <line num="363" type="stmt" count="0"/>
      <line num="364" type="stmt" count="0"/>
      <line num="365" type="stmt" count="0"/>
      <line num="366" type="stmt" count="0"/>
      <line num="370" type="stmt" count="0"/>
      <line num="374" type="method" name="isConstructorDefinedAndFinal" crap="3.14" count="1"/>
      <line num="376" type="stmt" count="1"/>
      <line num="377" type="stmt" count="1"/>
      <line num="378" type="stmt" count="0"/>
      <line num="381" type="stmt" count="1"/>
      <line num="384" type="method" name="generateSafeConstructorOverride" crap="8.81" count="1"/>
      <line num="386" type="stmt" count="1"/>
      <line num="388" type="stmt" count="1"/>
      <line num="391" type="stmt" count="1"/>
      <line num="392" type="stmt" count="1"/>
      <line num="394" type="stmt" count="1"/>
      <line num="395" type="stmt" count="1"/>
      <line num="396" type="stmt" count="0"/>
      <line num="397" type="stmt" count="0"/>
      <line num="398" type="stmt" count="1"/>
      <line num="399" type="stmt" count="1"/>
      <line num="400" type="stmt" count="1"/>
      <line num="404" type="stmt" count="0"/>
      <line num="406" type="stmt" count="0"/>
      <line num="407" type="stmt" count="0"/>
      <line num="411" type="stmt" count="1"/>
      <line num="422" type="method" name="getConstructorChaining" crap="6" count="0"/>
      <line num="424" type="stmt" count="0"/>
      <line num="431" type="stmt" count="0"/>
      <line num="441" type="method" name="implementMethod" crap="6.19" count="1"/>
      <line num="443" type="stmt" count="1"/>
      <line num="444" type="stmt" count="1"/>
      <line num="445" type="stmt" count="1"/>
      <line num="446" type="stmt" count="1"/>
      <line num="448" type="stmt" count="1"/>
      <line num="451" type="stmt" count="1"/>
      <line num="452" type="stmt" count="0"/>
      <line num="453" type="stmt" count="0"/>
      <line num="456" type="stmt" count="1"/>
      <line num="459" type="stmt" count="1"/>
      <line num="460" type="stmt" count="1"/>
      <line num="461" type="stmt" count="1"/>
      <line num="462" type="stmt" count="0"/>
      <line num="463" type="stmt" count="0"/>
      <line num="465" type="stmt" count="1"/>
      <line num="467" type="stmt" count="1"/>
      <line num="468" type="stmt" count="1"/>
      <line num="471" type="stmt" count="1"/>
      <line num="473" type="stmt" count="1"/>
      <line num="479" type="stmt" count="1"/>
      <line num="481" type="stmt" count="1"/>
      <line num="494" type="stmt" count="1"/>
      <line num="496" type="stmt" count="1"/>
      <line num="506" type="method" name="generateMethodParameters" crap="2" count="1"/>
      <line num="508" type="stmt" count="1"/>
      <line num="509" type="stmt" count="1"/>
      <line num="510" type="stmt" count="1"/>
      <line num="511" type="stmt" count="1"/>
      <line num="513" type="stmt" count="1"/>
      <line num="523" type="method" name="copyMethodParameters" crap="5.76" count="1"/>
      <line num="525" type="stmt" count="1"/>
      <line num="526" type="stmt" count="1"/>
      <line num="527" type="stmt" count="1"/>
      <line num="528" type="stmt" count="1"/>
      <line num="529" type="stmt" count="1"/>
      <line num="530" type="stmt" count="1"/>
      <line num="531" type="stmt" count="0"/>
      <line num="532" type="stmt" count="0"/>
      <line num="533" type="stmt" count="0"/>
      <line num="536" type="stmt" count="1"/>
      <line num="538" type="stmt" count="1"/>
      <line num="541" type="stmt" count="1"/>
      <line num="542" type="stmt" count="0"/>
      <line num="543" type="stmt" count="0"/>
      <line num="546" type="stmt" count="1"/>
      <line num="549" type="stmt" count="1"/>
      <line num="559" type="method" name="implementParameter" crap="24.34" count="1"/>
      <line num="561" type="stmt" count="1"/>
      <line num="562" type="stmt" count="1"/>
      <line num="566" type="stmt" count="1"/>
      <line num="567" type="stmt" count="1"/>
      <line num="568" type="stmt" count="1"/>
      <line num="569" type="stmt" count="0"/>
      <line num="570" type="stmt" count="1"/>
      <line num="571" type="stmt" count="1"/>
      <line num="572" type="stmt" count="1"/>
      <line num="574" type="stmt" count="0"/>
      <line num="575" type="stmt" count="0"/>
      <line num="577" type="stmt" count="1"/>
      <line num="580" type="stmt" count="0"/>
      <line num="581" type="stmt" count="0"/>
      <line num="582" type="stmt" count="0"/>
      <line num="586" type="stmt" count="1"/>
      <line num="587" type="stmt" count="1"/>
      <line num="588" type="stmt" count="1"/>
      <line num="589" type="stmt" count="1"/>
      <line num="590" type="stmt" count="0"/>
      <line num="591" type="stmt" count="1"/>
      <line num="592" type="stmt" count="0"/>
      <line num="593" type="stmt" count="0"/>
      <line num="595" type="stmt" count="1"/>
      <line num="605" type="method" name="createMockInfo" crap="1" count="18"/>
      <line num="611" type="stmt" count="18"/>
      <line num="613" type="stmt" count="18"/>
      <line num="614" type="stmt" count="18"/>
      <line num="615" type="stmt" count="18"/>
      <line num="616" type="stmt" count="18"/>
      <line num="617" type="stmt" count="18"/>
      <line num="618" type="stmt" count="18"/>
      <line num="619" type="stmt" count="18"/>
      <line num="620" type="stmt" count="18"/>
      <line num="621" type="stmt" count="18"/>
      <line num="623" type="stmt" count="18"/>
      <line num="624" type="stmt" count="18"/>
      <line num="625" type="stmt" count="18"/>
      <line num="626" type="stmt" count="18"/>
      <line num="628" type="stmt" count="18"/>
      <metrics loc="630" ncloc="496" classes="1" methods="14" coveredmethods="2" conditionals="0" coveredconditionals="0" statements="222" coveredstatements="152" elements="236" coveredelements="154"/>
    </file>
    <file name="/home/amaury/Documents/composer-assets/vendor/alavielle/composer-assets/vendor/phake/phake/src/Phake/Facade.php">
      <class name="Phake_Facade" namespace="global" fullPackage="Phake">
        <metrics methods="4" coveredmethods="1" conditionals="0" coveredconditionals="0" statements="32" coveredstatements="27" elements="36" coveredelements="28"/>
      </class>
      <line num="62" type="method" name="__construct" crap="1" count="1"/>
      <line num="64" type="stmt" count="1"/>
      <line num="65" type="stmt" count="1"/>
      <line num="66" type="stmt" count="1"/>
      <line num="80" type="method" name="mock" crap="5.01" count="18"/>
      <line num="87" type="stmt" count="18"/>
      <line num="89" type="stmt" count="18"/>
      <line num="90" type="stmt" count="18"/>
      <line num="91" type="stmt" count="0"/>
      <line num="94" type="stmt" count="18"/>
      <line num="95" type="stmt" count="1"/>
      <line num="96" type="stmt" count="1"/>
      <line num="98" type="stmt" count="1"/>
      <line num="99" type="stmt" count="1"/>
      <line num="101" type="stmt" count="18"/>
      <line num="102" type="stmt" count="18"/>
      <line num="103" type="stmt" count="18"/>
      <line num="104" type="stmt" count="18"/>
      <line num="105" type="stmt" count="18"/>
      <line num="107" type="stmt" count="18"/>
      <line num="110" type="method" name="resetStaticInfo" crap="2" count="0"/>
      <line num="112" type="stmt" count="0"/>
      <line num="113" type="stmt" count="0"/>
      <line num="124" type="method" name="generateUniqueClassName" crap="3.04" count="1"/>
      <line num="126" type="stmt" count="1"/>
      <line num="127" type="stmt" count="1"/>
      <line num="129" type="stmt" count="1"/>
      <line num="130" type="stmt" count="1"/>
      <line num="132" type="stmt" count="1"/>
      <line num="133" type="stmt" count="1"/>
      <line num="135" type="stmt" count="1"/>
      <line num="137" type="stmt" count="1"/>
      <line num="139" type="stmt" count="1"/>
      <line num="140" type="stmt" count="0"/>
      <line num="141" type="stmt" count="0"/>
      <line num="143" type="stmt" count="1"/>
      <metrics loc="145" ncloc="69" classes="1" methods="4" coveredmethods="1" conditionals="0" coveredconditionals="0" statements="32" coveredstatements="27" elements="36" coveredelements="28"/>
    </file>
    <file name="/home/amaury/Documents/composer-assets/vendor/alavielle/composer-assets/vendor/phake/phake/src/Phake/IMock.php">
      <metrics loc="52" ncloc="5" classes="0" methods="0" coveredmethods="0" conditionals="0" coveredconditionals="0" statements="0" coveredstatements="0" elements="0" coveredelements="0"/>
    </file>
    <file name="/home/amaury/Documents/composer-assets/vendor/alavielle/composer-assets/vendor/phake/phake/src/Phake/Matchers/Factory.php">
      <class name="Phake_Matchers_Factory" namespace="global" fullPackage="Phake.Matchers">
        <metrics methods="2" coveredmethods="0" conditionals="0" coveredconditionals="0" statements="25" coveredstatements="3" elements="27" coveredelements="3"/>
      </class>
      <line num="63" type="method" name="createMatcher" crap="42" count="0"/>
      <line num="65" type="stmt" count="0"/>
      <line num="66" type="stmt" count="0"/>
      <line num="67" type="stmt" count="0"/>
      <line num="68" type="stmt" count="0"/>
      <line num="69" type="stmt" count="0"/>
      <line num="70" type="stmt" count="0"/>
      <line num="71" type="stmt" count="0"/>
      <line num="72" type="stmt" count="0"/>
      <line num="73" type="stmt" count="0"/>
      <line num="74" type="stmt" count="0"/>
      <line num="75" type="stmt" count="0"/>
      <line num="78" type="stmt" count="0"/>
      <line num="79" type="stmt" count="0"/>
      <line num="80" type="stmt" count="0"/>
      <line num="81" type="stmt" count="0"/>
      <line num="83" type="stmt" count="0"/>
      <line num="93" type="method" name="createMatcherChain" crap="5.67" count="18"/>
      <line num="95" type="stmt" count="18"/>
      <line num="96" type="stmt" count="18"/>
      <line num="97" type="stmt" count="18"/>
      <line num="100" type="stmt" count="0"/>
      <line num="101" type="stmt" count="0"/>
      <line num="102" type="stmt" count="0"/>
      <line num="104" type="stmt" count="0"/>
      <line num="105" type="stmt" count="0"/>
      <line num="106" type="stmt" count="0"/>
      <metrics loc="108" ncloc="43" classes="1" methods="2" coveredmethods="0" conditionals="0" coveredconditionals="0" statements="25" coveredstatements="3" elements="27" coveredelements="3"/>
    </file>
    <file name="/home/amaury/Documents/composer-assets/vendor/alavielle/composer-assets/vendor/phake/phake/src/Phake/Matchers/IMethodMatcher.php">
      <metrics loc="72" ncloc="9" classes="0" methods="0" coveredmethods="0" conditionals="0" coveredconditionals="0" statements="0" coveredstatements="0" elements="0" coveredelements="0"/>
    </file>
    <file name="/home/amaury/Documents/composer-assets/vendor/alavielle/composer-assets/vendor/phake/phake/src/Phake/Matchers/MethodMatcher.php">
      <class name="Phake_Matchers_MethodMatcher" namespace="global" fullPackage="Phake.Matchers">
        <metrics methods="5" coveredmethods="2" conditionals="0" coveredconditionals="0" statements="23" coveredstatements="14" elements="28" coveredelements="16"/>
      </class>
      <line num="62" type="method" name="__construct" crap="1" count="18"/>
      <line num="64" type="stmt" count="18"/>
      <line num="65" type="stmt" count="18"/>
      <line num="66" type="stmt" count="18"/>
      <line num="77" type="method" name="matches" crap="2.50" count="18"/>
      <line num="81" type="stmt" count="18"/>
      <line num="82" type="stmt" count="18"/>
      <line num="84" type="stmt" count="0"/>
      <line num="86" type="stmt" count="0"/>
      <line num="99" type="method" name="assertMatches" crap="2.03" count="18"/>
      <line num="101" type="stmt" count="18"/>
      <line num="102" type="stmt" count="18"/>
      <line num="103" type="stmt" count="0"/>
      <line num="106" type="stmt" count="18"/>
      <line num="107" type="stmt" count="18"/>
      <line num="118" type="method" name="doArgumentsMatch" crap="7.46" count="18"/>
      <line num="120" type="stmt" count="18"/>
      <line num="121" type="stmt" count="18"/>
      <line num="124" type="stmt" count="0"/>
      <line num="126" type="stmt" count="0"/>
      <line num="128" type="stmt" count="0"/>
      <line num="129" type="stmt" count="0"/>
      <line num="131" type="stmt" count="0"/>
      <line num="132" type="stmt" count="18"/>
      <line num="134" type="stmt" count="0"/>
      <line num="136" type="stmt" count="18"/>
      <line num="141" type="method" name="getMethod" crap="1" count="18"/>
      <line num="143" type="stmt" count="18"/>
      <metrics loc="145" ncloc="62" classes="1" methods="5" coveredmethods="2" conditionals="0" coveredconditionals="0" statements="23" coveredstatements="14" elements="28" coveredelements="16"/>
    </file>
    <file name="/home/amaury/Documents/composer-assets/vendor/alavielle/composer-assets/vendor/phake/phake/src/Phake/Mock/Info.php">
      <class name="Phake_Mock_Info" namespace="global" fullPackage="Phake.Mock">
        <metrics methods="11" coveredmethods="8" conditionals="0" coveredconditionals="0" statements="23" coveredstatements="15" elements="34" coveredelements="23"/>
      </class>
      <line num="69" type="method" name="__construct" crap="1" count="18"/>
      <line num="71" type="stmt" count="18"/>
      <line num="72" type="stmt" count="18"/>
      <line num="73" type="stmt" count="18"/>
      <line num="74" type="stmt" count="18"/>
      <line num="75" type="stmt" count="18"/>
      <line num="76" type="stmt" count="18"/>
      <line num="77" type="stmt" count="18"/>
      <line num="79" type="method" name="getCallRecorder" crap="1" count="18"/>
      <line num="81" type="stmt" count="18"/>
      <line num="84" type="method" name="getStubMapper" crap="1" count="18"/>
      <line num="86" type="stmt" count="18"/>
      <line num="89" type="method" name="getDefaultAnswer" crap="1" count="18"/>
      <line num="91" type="stmt" count="18"/>
      <line num="94" type="method" name="isObjectFrozen" crap="1" count="18"/>
      <line num="96" type="stmt" count="18"/>
      <line num="99" type="method" name="freezeObject" crap="2" count="0"/>
      <line num="101" type="stmt" count="0"/>
      <line num="102" type="stmt" count="0"/>
      <line num="104" type="method" name="thawObject" crap="2" count="0"/>
      <line num="106" type="stmt" count="0"/>
      <line num="107" type="stmt" count="0"/>
      <line num="109" type="method" name="getHandlerChain" crap="1" count="18"/>
      <line num="111" type="stmt" count="18"/>
      <line num="114" type="method" name="setHandlerChain" crap="1" count="18"/>
      <line num="116" type="stmt" count="18"/>
      <line num="117" type="stmt" count="18"/>
      <line num="119" type="method" name="getName" crap="1" count="18"/>
      <line num="121" type="stmt" count="18"/>
      <line num="124" type="method" name="resetInfo" crap="2" count="0"/>
      <line num="126" type="stmt" count="0"/>
      <line num="127" type="stmt" count="0"/>
      <line num="128" type="stmt" count="0"/>
      <line num="129" type="stmt" count="0"/>
      <metrics loc="129" ncloc="79" classes="1" methods="11" coveredmethods="8" conditionals="0" coveredconditionals="0" statements="23" coveredstatements="15" elements="34" coveredelements="23"/>
    </file>
    <file name="/home/amaury/Documents/composer-assets/vendor/alavielle/composer-assets/vendor/phake/phake/src/Phake/Mock/InfoRegistry.php">
      <class name="Phake_Mock_InfoRegistry" namespace="global" fullPackage="Phake.Mock">
        <metrics methods="2" coveredmethods="1" conditionals="0" coveredconditionals="0" statements="6" coveredstatements="2" elements="8" coveredelements="3"/>
      </class>
      <line num="51" type="method" name="addInfo" crap="1" count="1"/>
      <line num="53" type="stmt" count="1"/>
      <line num="54" type="stmt" count="1"/>
      <line num="56" type="method" name="resetAll" crap="6" count="0"/>
      <line num="59" type="stmt" count="0"/>
      <line num="61" type="stmt" count="0"/>
      <line num="62" type="stmt" count="0"/>
      <line num="63" type="stmt" count="0"/>
      <metrics loc="63" ncloc="17" classes="1" methods="2" coveredmethods="1" conditionals="0" coveredconditionals="0" statements="6" coveredstatements="2" elements="8" coveredelements="3"/>
    </file>
    <file name="/home/amaury/Documents/composer-assets/vendor/alavielle/composer-assets/vendor/phake/phake/src/Phake/Proxies/AnswerBinderProxy.php">
      <class name="Phake_Proxies_AnswerBinderProxy" namespace="global" fullPackage="Phake.Proxies">
        <metrics methods="7" coveredmethods="2" conditionals="0" coveredconditionals="0" statements="10" coveredstatements="3" elements="17" coveredelements="5"/>
      </class>
      <line num="57" type="method" name="__construct" crap="1" count="18"/>
      <line num="59" type="stmt" count="18"/>
      <line num="60" type="stmt" count="18"/>
      <line num="69" type="method" name="thenReturn" crap="1" count="18"/>
      <line num="71" type="stmt" count="18"/>
      <line num="97" type="method" name="thenReturnCallback" crap="6" count="0"/>
      <line num="99" type="stmt" count="0"/>
      <line num="100" type="stmt" count="0"/>
      <line num="103" type="stmt" count="0"/>
      <line num="110" type="method" name="thenCallParent" crap="2" count="0"/>
      <line num="112" type="stmt" count="0"/>
      <line num="122" type="method" name="thenThrow" crap="2" count="0"/>
      <line num="124" type="stmt" count="0"/>
      <line num="134" type="method" name="captureReturnTo" crap="2" count="0"/>
      <line num="136" type="stmt" count="0"/>
      <line num="139" type="method" name="thenDoNothing" crap="2" count="0"/>
      <line num="141" type="stmt" count="0"/>
      <metrics loc="143" ncloc="51" classes="1" methods="7" coveredmethods="2" conditionals="0" coveredconditionals="0" statements="10" coveredstatements="3" elements="17" coveredelements="5"/>
    </file>
    <file name="/home/amaury/Documents/composer-assets/vendor/alavielle/composer-assets/vendor/phake/phake/src/Phake/Proxies/AnswerCollectionProxy.php">
      <class name="Phake_Proxies_AnswerCollectionProxy" namespace="global" fullPackage="Phake.Proxies">
        <metrics methods="7" coveredmethods="1" conditionals="0" coveredconditionals="0" statements="15" coveredstatements="2" elements="22" coveredelements="3"/>
      </class>
      <line num="60" type="method" name="__construct" crap="1" count="18"/>
      <line num="62" type="stmt" count="18"/>
      <line num="63" type="stmt" count="18"/>
      <line num="72" type="method" name="thenReturn" crap="2" count="0"/>
      <line num="74" type="stmt" count="0"/>
      <line num="75" type="stmt" count="0"/>
      <line num="86" type="method" name="thenGetReturnByLambda" crap="6" count="0"/>
      <line num="88" type="stmt" count="0"/>
      <line num="89" type="stmt" count="0"/>
      <line num="92" type="stmt" count="0"/>
      <line num="94" type="stmt" count="0"/>
      <line num="101" type="method" name="thenCallParent" crap="2" count="0"/>
      <line num="103" type="stmt" count="0"/>
      <line num="104" type="stmt" count="0"/>
      <line num="114" type="method" name="thenThrow" crap="2" count="0"/>
      <line num="116" type="stmt" count="0"/>
      <line num="117" type="stmt" count="0"/>
      <line num="127" type="method" name="captureReturnTo" crap="2" count="0"/>
      <line num="129" type="stmt" count="0"/>
      <line num="130" type="stmt" count="0"/>
      <line num="137" type="method" name="getAnswer" crap="2" count="0"/>
      <line num="139" type="stmt" count="0"/>
      <metrics loc="141" ncloc="51" classes="1" methods="7" coveredmethods="1" conditionals="0" coveredconditionals="0" statements="15" coveredstatements="2" elements="22" coveredelements="3"/>
    </file>
    <file name="/home/amaury/Documents/composer-assets/vendor/alavielle/composer-assets/vendor/phake/phake/src/Phake/Proxies/StubberProxy.php">
      <class name="Phake_Proxies_StubberProxy" namespace="global" fullPackage="Phake.Proxies">
        <metrics methods="3" coveredmethods="2" conditionals="0" coveredconditionals="0" statements="15" coveredstatements="7" elements="18" coveredelements="9"/>
      </class>
      <line num="66" type="method" name="__construct" crap="1" count="18"/>
      <line num="68" type="stmt" count="18"/>
      <line num="69" type="stmt" count="18"/>
      <line num="70" type="stmt" count="18"/>
      <line num="71" type="stmt" count="18"/>
      <line num="81" type="method" name="__call" crap="1" count="18"/>
      <line num="83" type="stmt" count="18"/>
      <line num="84" type="stmt" count="18"/>
      <line num="85" type="stmt" count="18"/>
      <line num="97" type="method" name="__get" crap="72" count="0"/>
      <line num="99" type="stmt" count="0"/>
      <line num="100" type="stmt" count="0"/>
      <line num="103" type="stmt" count="0"/>
      <line num="104" type="stmt" count="0"/>
      <line num="105" type="stmt" count="0"/>
      <line num="108" type="stmt" count="0"/>
      <line num="109" type="stmt" count="0"/>
      <line num="112" type="stmt" count="0"/>
      <metrics loc="114" ncloc="38" classes="1" methods="3" coveredmethods="2" conditionals="0" coveredconditionals="0" statements="15" coveredstatements="7" elements="18" coveredelements="9"/>
    </file>
    <file name="/home/amaury/Documents/composer-assets/vendor/alavielle/composer-assets/vendor/phake/phake/src/Phake/Stubber/AnswerBinder.php">
      <class name="Phake_Stubber_AnswerBinder" namespace="global" fullPackage="Phake.Stubber">
        <metrics methods="2" coveredmethods="2" conditionals="0" coveredconditionals="0" statements="6" coveredstatements="6" elements="8" coveredelements="8"/>
      </class>
      <line num="68" type="method" name="__construct" crap="1" count="18"/>
      <line num="70" type="stmt" count="18"/>
      <line num="71" type="stmt" count="18"/>
      <line num="72" type="stmt" count="18"/>
      <line num="81" type="method" name="bindAnswer" crap="1" count="18"/>
      <line num="83" type="stmt" count="18"/>
      <line num="84" type="stmt" count="18"/>
      <line num="86" type="stmt" count="18"/>
      <metrics loc="90" ncloc="24" classes="1" methods="2" coveredmethods="2" conditionals="0" coveredconditionals="0" statements="6" coveredstatements="6" elements="8" coveredelements="8"/>
    </file>
    <file name="/home/amaury/Documents/composer-assets/vendor/alavielle/composer-assets/vendor/phake/phake/src/Phake/Stubber/AnswerCollection.php">
      <class name="Phake_Stubber_AnswerCollection" namespace="global" fullPackage="Phake.Stubber">
        <metrics methods="3" coveredmethods="1" conditionals="0" coveredconditionals="0" statements="10" coveredstatements="6" elements="13" coveredelements="7"/>
      </class>
      <line num="63" type="method" name="__construct" crap="1" count="18"/>
      <line num="65" type="stmt" count="18"/>
      <line num="66" type="stmt" count="18"/>
      <line num="73" type="method" name="addAnswer" crap="2" count="0"/>
      <line num="75" type="stmt" count="0"/>
      <line num="76" type="stmt" count="0"/>
      <line num="83" type="method" name="getAnswer" crap="2.15" count="18"/>
      <line num="85" type="stmt" count="18"/>
      <line num="87" type="stmt" count="18"/>
      <line num="88" type="stmt" count="0"/>
      <line num="89" type="stmt" count="0"/>
      <line num="91" type="stmt" count="18"/>
      <line num="93" type="stmt" count="18"/>
      <metrics loc="97" ncloc="31" classes="1" methods="3" coveredmethods="1" conditionals="0" coveredconditionals="0" statements="10" coveredstatements="6" elements="13" coveredelements="7"/>
    </file>
    <file name="/home/amaury/Documents/composer-assets/vendor/alavielle/composer-assets/vendor/phake/phake/src/Phake/Stubber/Answers/NoAnswer.php">
      <class name="Phake_Stubber_Answers_NoAnswer" namespace="global" fullPackage="Phake.Stubber.Answers">
        <metrics methods="1" coveredmethods="1" conditionals="0" coveredconditionals="0" statements="2" coveredstatements="2" elements="3" coveredelements="3"/>
      </class>
      <line num="52" type="method" name="__construct" crap="1" count="1"/>
      <line num="54" type="stmt" count="1"/>
      <line num="55" type="stmt" count="1"/>
      <metrics loc="58" ncloc="11" classes="1" methods="1" coveredmethods="1" conditionals="0" coveredconditionals="0" statements="2" coveredstatements="2" elements="3" coveredelements="3"/>
    </file>
    <file name="/home/amaury/Documents/composer-assets/vendor/alavielle/composer-assets/vendor/phake/phake/src/Phake/Stubber/Answers/SmartDefaultAnswer.php">
      <class name="Phake_Stubber_Answers_SmartDefaultAnswer" namespace="global" fullPackage="Phake.Stubber.Answers">
        <metrics methods="3" coveredmethods="0" conditionals="0" coveredconditionals="0" statements="34" coveredstatements="0" elements="37" coveredelements="0"/>
      </class>
      <line num="52" type="method" name="processAnswer" crap="2" count="0"/>
      <line num="55" type="stmt" count="0"/>
      <line num="57" type="method" name="getAnswerCallback" crap="110" count="0"/>
      <line num="59" type="stmt" count="0"/>
      <line num="60" type="stmt" count="0"/>
      <line num="62" type="stmt" count="0"/>
      <line num="64" type="stmt" count="0"/>
      <line num="65" type="stmt" count="0"/>
      <line num="66" type="stmt" count="0"/>
      <line num="68" type="stmt" count="0"/>
      <line num="69" type="stmt" count="0"/>
      <line num="70" type="stmt" count="0"/>
      <line num="71" type="stmt" count="0"/>
      <line num="72" type="stmt" count="0"/>
      <line num="73" type="stmt" count="0"/>
      <line num="74" type="stmt" count="0"/>
      <line num="75" type="stmt" count="0"/>
      <line num="76" type="stmt" count="0"/>
      <line num="77" type="stmt" count="0"/>
      <line num="78" type="stmt" count="0"/>
      <line num="79" type="stmt" count="0"/>
      <line num="80" type="stmt" count="0"/>
      <line num="81" type="stmt" count="0"/>
      <line num="82" type="stmt" count="0"/>
      <line num="83" type="stmt" count="0"/>
      <line num="85" type="stmt" count="0"/>
      <line num="86" type="stmt" count="0"/>
      <line num="87" type="stmt" count="0"/>
      <line num="88" type="stmt" count="0"/>
      <line num="89" type="stmt" count="0"/>
      <line num="90" type="stmt" count="0"/>
      <line num="91" type="stmt" count="0"/>
      <line num="92" type="stmt" count="0"/>
      <line num="93" type="stmt" count="0"/>
      <line num="95" type="method" name="anonymous function" crap="2" count="0"/>
      <line num="97" type="stmt" count="0"/>
      <line num="98" type="stmt" count="0"/>
      <metrics loc="102" ncloc="55" classes="1" methods="3" coveredmethods="0" conditionals="0" coveredconditionals="0" statements="34" coveredstatements="0" elements="37" coveredelements="0"/>
    </file>
    <file name="/home/amaury/Documents/composer-assets/vendor/alavielle/composer-assets/vendor/phake/phake/src/Phake/Stubber/Answers/StaticAnswer.php">
      <class name="Phake_Stubber_Answers_StaticAnswer" namespace="global" fullPackage="Phake.Stubber.Answers">
        <metrics methods="4" coveredmethods="4" conditionals="0" coveredconditionals="0" statements="6" coveredstatements="6" elements="10" coveredelements="10"/>
      </class>
      <line num="60" type="method" name="__construct" crap="1" count="18"/>
      <line num="62" type="stmt" count="18"/>
      <line num="63" type="stmt" count="18"/>
      <line num="65" type="method" name="processAnswer" crap="1" count="18"/>
      <line num="68" type="stmt" count="18"/>
      <line num="70" type="method" name="getAnswerCallback" crap="1" count="18"/>
      <line num="72" type="stmt" count="18"/>
      <line num="73" type="method" name="anonymous function" crap="1" count="18"/>
      <line num="74" type="stmt" count="18"/>
      <line num="75" type="stmt" count="18"/>
      <metrics loc="79" ncloc="26" classes="1" methods="4" coveredmethods="4" conditionals="0" coveredconditionals="0" statements="6" coveredstatements="6" elements="10" coveredelements="10"/>
    </file>
    <file name="/home/amaury/Documents/composer-assets/vendor/alavielle/composer-assets/vendor/phake/phake/src/Phake/Stubber/IAnswer.php">
      <metrics loc="65" ncloc="9" classes="0" methods="0" coveredmethods="0" conditionals="0" coveredconditionals="0" statements="0" coveredstatements="0" elements="0" coveredelements="0"/>
    </file>
    <file name="/home/amaury/Documents/composer-assets/vendor/alavielle/composer-assets/vendor/phake/phake/src/Phake/Stubber/IAnswerBinder.php">
      <metrics loc="60" ncloc="6" classes="0" methods="0" coveredmethods="0" conditionals="0" coveredconditionals="0" statements="0" coveredstatements="0" elements="0" coveredelements="0"/>
    </file>
    <file name="/home/amaury/Documents/composer-assets/vendor/alavielle/composer-assets/vendor/phake/phake/src/Phake/Stubber/IAnswerContainer.php">
      <metrics loc="55" ncloc="6" classes="0" methods="0" coveredmethods="0" conditionals="0" coveredconditionals="0" statements="0" coveredstatements="0" elements="0" coveredelements="0"/>
    </file>
    <file name="/home/amaury/Documents/composer-assets/vendor/alavielle/composer-assets/vendor/phake/phake/src/Phake/Stubber/StubMapper.php">
      <class name="Phake_Stubber_StubMapper" namespace="global" fullPackage="Phake.Stubber">
        <metrics methods="3" coveredmethods="1" conditionals="0" coveredconditionals="0" statements="11" coveredstatements="7" elements="14" coveredelements="8"/>
      </class>
      <line num="63" type="method" name="mapStubToMatcher" crap="1" count="18"/>
      <line num="65" type="stmt" count="18"/>
      <line num="66" type="stmt" count="18"/>
      <line num="76" type="method" name="getStubByCall" crap="4.37" count="18"/>
      <line num="78" type="stmt" count="18"/>
      <line num="80" type="stmt" count="18"/>
      <line num="81" type="stmt" count="18"/>
      <line num="84" type="stmt" count="18"/>
      <line num="85" type="stmt" count="18"/>
      <line num="87" type="stmt" count="0"/>
      <line num="89" type="stmt" count="0"/>
      <line num="95" type="method" name="removeAllAnswers" crap="2" count="0"/>
      <line num="97" type="stmt" count="0"/>
      <line num="98" type="stmt" count="0"/>
      <metrics loc="99" ncloc="31" classes="1" methods="3" coveredmethods="1" conditionals="0" coveredconditionals="0" statements="11" coveredstatements="7" elements="14" coveredelements="8"/>
    </file>
    <file name="/home/amaury/Documents/composer-assets/vendor/alavielle/composer-assets/vendor/symfony/polyfill-mbstring/bootstrap.php">
      <metrics loc="51" ncloc="43" classes="0" methods="0" coveredmethods="0" conditionals="0" coveredconditionals="0" statements="0" coveredstatements="0" elements="0" coveredelements="0"/>
    </file>
    <metrics files="40" loc="4316" ncloc="1946" classes="31" methods="148" coveredmethods="50" conditionals="0" coveredconditionals="0" statements="714" coveredstatements="354" elements="862" coveredelements="404"/>
  </project>
</coverage>
